<?xml version="1.0" encoding="UTF-8"?>
<testsuite xmlns:xsi="http://www.w3.org/2001/XMLSchema-instance" xsi:noNamespaceSchemaLocation="https://maven.apache.org/surefire/maven-surefire-plugin/xsd/surefire-test-report-3.0.xsd" version="3.0" name="cucumber.options.TestRunner" time="12.903" tests="2" errors="0" skipped="0" failures="0">
  <properties>
[...]
</properties>
  <testcase name="Verify if Place is being successfully added using AddPlaceAPI" classname="Validating Place APIs" time="7.318">
    <system-out><![CDATA[
@AddPlace @Regression
Scenario Outline: Verify if Place is being successfully added using AddPlaceAPI &amp#27;[90m# src/test/java/features/placeValidation.feature:14&amp#27;[0m
  &amp#27;[32mGiven &amp#27;[0m&amp#27;[32mAdd Place Payload with &amp#27;[0m&amp#27;[32m&amp#27;[1m"AAhouse"&amp#27;[0m&amp#27;[32m &amp#27;[0m&amp#27;[32m&amp#27;[1m"English"&amp#27;[0m&amp#27;[32m &amp#27;[0m&amp#27;[32m&amp#27;[1m"World cross center"&amp#27;[0m         &amp#27;[90m# stepdefination.StepDefination.add_place_payload(java.lang.String,java.lang.String,java.lang.String)&amp#27;[0m
/maps/api/place/add/json
📥 Raw Response: {"status":"OK","place_id":"8a048fa615d91166889a244c8b91cd86","scope":"APP","reference":"2027887a4154c449fbc685c54e0a0a6d2027887a4154c449fbc685c54e0a0a6d","id":"2027887a4154c449fbc685c54e0a0a6d"}
  &amp#27;[32mWhen &amp#27;[0m&amp#27;[32muser calls &amp#27;[0m&amp#27;[32m&amp#27;[1m"AddPlaceAPI"&amp#27;[0m&amp#27;[32m with &amp#27;[0m&amp#27;[32m&amp#27;[1m"Post"&amp#27;[0m&amp#27;[32m http request&amp#27;[0m                        &amp#27;[90m# stepdefination.StepDefination.user_calls_with_http_request(java.lang.String,java.lang.String)&amp#27;[0m
  &amp#27;[32mThen &amp#27;[0m&amp#27;[32mthe API call is Succes with status code &amp#27;[0m&amp#27;[32m&amp#27;[1m200&amp#27;[0m                              &amp#27;[90m# stepdefination.StepDefination.the_api_call_is_successful_with_status_code(java.lang.Integer)&amp#27;[0m
🔍 Response body received:
{"status":"OK","place_id":"8a048fa615d91166889a244c8b91cd86","scope":"APP","reference":"2027887a4154c449fbc685c54e0a0a6d2027887a4154c449fbc685c54e0a0a6d","id":"2027887a4154c449fbc685c54e0a0a6d"}
  &amp#27;[32mAnd &amp#27;[0m&amp#27;[32m&amp#27;[0m&amp#27;[32m&amp#27;[1m"status"&amp#27;[0m&amp#27;[32m in response body is &amp#27;[0m&amp#27;[32m&amp#27;[1m"OK"&amp#27;[0m                                         &amp#27;[90m# stepdefination.StepDefination.in_response_body_is(java.lang.String,java.lang.String)&amp#27;[0m
🔍 Response body received:
{"status":"OK","place_id":"8a048fa615d91166889a244c8b91cd86","scope":"APP","reference":"2027887a4154c449fbc685c54e0a0a6d2027887a4154c449fbc685c54e0a0a6d","id":"2027887a4154c449fbc685c54e0a0a6d"}
  &amp#27;[32mAnd &amp#27;[0m&amp#27;[32m&amp#27;[0m&amp#27;[32m&amp#27;[1m"scope"&amp#27;[0m&amp#27;[32m in response body is &amp#27;[0m&amp#27;[32m&amp#27;[1m"APP"&amp#27;[0m                                         &amp#27;[90m# stepdefination.StepDefination.in_response_body_is(java.lang.String,java.lang.String)&amp#27;[0m
🔍 Response body received:
{"status":"OK","place_id":"8a048fa615d91166889a244c8b91cd86","scope":"APP","reference":"2027887a4154c449fbc685c54e0a0a6d2027887a4154c449fbc685c54e0a0a6d","id":"2027887a4154c449fbc685c54e0a0a6d"}
/maps/api/place/get/json
📥 Raw Response: {"location":{"latitude":"-38.383494","longitude":"33.427362"},"accuracy":"50","name":"AAhouse","phone_number":"(+91) 983 893 3937","address":"World cross center","types":"shoe park,shop","website":"http:\/\/google.com","language":"English"}
🔍 Response body received:
{"location":{"latitude":"-38.383494","longitude":"33.427362"},"accuracy":"50","name":"AAhouse","phone_number":"(+91) 983 893 3937","address":"World cross center","types":"shoe park,shop","website":"http:\/\/google.com","language":"English"}
  &amp#27;[32mAnd &amp#27;[0m&amp#27;[32mverify place_Id created maps to &amp#27;[0m&amp#27;[32m&amp#27;[1m"AAhouse"&amp#27;[0m&amp#27;[32m using &amp#27;[0m&amp#27;[32m&amp#27;[1m"getPlaceAPI"&amp#27;[0m             &amp#27;[90m# stepdefination.StepDefination.verify_place_id_created_maps_to_using(java.lang.String,java.lang.String)&amp#27;[0m
]]></system-out>
    <system-err><![CDATA[Jun 10, 2025 12:42:34 AM io.cucumber.core.options.CucumberPropertiesParser lambda$warnWhenCucumberOptionsIsUsed$2
WARNING: Passing commandline options via the property 'cucumber.options' is no longer supported. Please use individual properties instead. See the java doc on io.cucumber.core.options.Constants for details.
]]></system-err>
  </testcase>
  <testcase name="Verify if Delete Place functionality is working" classname="Validating Place APIs" time="2.091">
    <system-out><![CDATA[
@DeletePlace @Regression
Scenario: Verify if Delete Place functionality is working   &amp#27;[90m# src/test/java/features/placeValidation.feature:18&amp#27;[0m
  &amp#27;[32mGiven &amp#27;[0m&amp#27;[32mDeletePlace Payload&amp#27;[0m                                 &amp#27;[90m# stepdefination.StepDefination.delete_place_payload()&amp#27;[0m
maps/api/place/delete/json
📥 Raw Response: {"status":"OK"}
  &amp#27;[32mWhen &amp#27;[0m&amp#27;[32muser calls &amp#27;[0m&amp#27;[32m&amp#27;[1m"deletePlaceAPI"&amp#27;[0m&amp#27;[32m with &amp#27;[0m&amp#27;[32m&amp#27;[1m"Post"&amp#27;[0m&amp#27;[32m http request&amp#27;[0m &amp#27;[90m# stepdefination.StepDefination.user_calls_with_http_request(java.lang.String,java.lang.String)&amp#27;[0m
  &amp#27;[32mThen &amp#27;[0m&amp#27;[32mthe API call got sucess with status code &amp#27;[0m&amp#27;[32m&amp#27;[1m200&amp#27;[0m         &amp#27;[90m# stepdefination.StepDefination.the_api_call_got_sucess_with_status_code(java.lang.Integer)&amp#27;[0m
🔍 Response body received:
{"status":"OK"}
  &amp#27;[32mAnd &amp#27;[0m&amp#27;[32m&amp#27;[0m&amp#27;[32m&amp#27;[1m"status"&amp#27;[0m&amp#27;[32m in response body is &amp#27;[0m&amp#27;[32m&amp#27;[1m"OK"&amp#27;[0m                     &amp#27;[90m# stepdefination.StepDefination.in_response_body_is(java.lang.String,java.lang.String)&amp#27;[0m
]]></system-out>
  </testcase>
</testsuite>